<?xml version="1.0" encoding="UTF-8"?>
<testng-results ignored="0" total="2" passed="2" failed="0" skipped="0">
  <reporter-output>
  </reporter-output>
  <suite started-at="2024-03-04T09:26:42 IST" name="Suite" finished-at="2024-03-04T09:26:56 IST" duration-ms="14002">
    <groups>
      <group name="sanity">
        <method signature="Tc_002_logintest.logintest()[pri:0, instance:testCases.Tc_002_logintest@59fd97a8]" name="logintest" class="testCases.Tc_002_logintest"/>
      </group> <!-- sanity -->
      <group name="master">
        <method signature="Tc_002_logintest.logintest()[pri:0, instance:testCases.Tc_002_logintest@59fd97a8]" name="logintest" class="testCases.Tc_002_logintest"/>
      </group> <!-- master -->
    </groups>
    <test started-at="2024-03-04T09:26:42 IST" name="Test" finished-at="2024-03-04T09:26:56 IST" duration-ms="14002">
      <class name="testCases.Tc_002_logintest">
        <test-method is-config="true" signature="setup(java.lang.String)[pri:0, instance:testCases.Tc_002_logintest@59fd97a8]" started-at="2024-03-04T09:26:50 IST" name="setup" finished-at="2024-03-04T09:26:53 IST" duration-ms="2769" status="PASS">
          <params>
            <param index="0">
              <value>
                <![CDATA[chrome]]>
              </value>
            </param>
          </params>
          <reporter-output>
          </reporter-output>
        </test-method> <!-- setup -->
        <test-method signature="logintest()[pri:0, instance:testCases.Tc_002_logintest@59fd97a8]" started-at="2024-03-04T09:26:53 IST" name="logintest" finished-at="2024-03-04T09:26:55 IST" duration-ms="2595" status="PASS">
          <reporter-output>
          </reporter-output>
        </test-method> <!-- logintest -->
        <test-method is-config="true" signature="teardown()[pri:0, instance:testCases.Tc_002_logintest@59fd97a8]" started-at="2024-03-04T09:26:55 IST" name="teardown" finished-at="2024-03-04T09:26:56 IST" duration-ms="228" status="PASS">
          <reporter-output>
          </reporter-output>
        </test-method> <!-- teardown -->
      </class> <!-- testCases.Tc_002_logintest -->
      <class name="testCases.Tc_001_AccountRegistration">
        <test-method is-config="true" signature="setup(java.lang.String)[pri:0, instance:testCases.Tc_001_AccountRegistration@1ab3a8c8]" started-at="2024-03-04T09:26:42 IST" name="setup" finished-at="2024-03-04T09:26:47 IST" duration-ms="4847" status="PASS">
          <params>
            <param index="0">
              <value>
                <![CDATA[chrome]]>
              </value>
            </param>
          </params>
          <reporter-output>
          </reporter-output>
        </test-method> <!-- setup -->
        <test-method signature="test_account_registration()[pri:0, instance:testCases.Tc_001_AccountRegistration@1ab3a8c8]" started-at="2024-03-04T09:26:47 IST" name="test_account_registration" finished-at="2024-03-04T09:26:50 IST" duration-ms="2768" status="PASS">
          <reporter-output>
          </reporter-output>
        </test-method> <!-- test_account_registration -->
        <test-method is-config="true" signature="teardown()[pri:0, instance:testCases.Tc_001_AccountRegistration@1ab3a8c8]" started-at="2024-03-04T09:26:50 IST" name="teardown" finished-at="2024-03-04T09:26:50 IST" duration-ms="301" status="PASS">
          <reporter-output>
          </reporter-output>
        </test-method> <!-- teardown -->
      </class> <!-- testCases.Tc_001_AccountRegistration -->
    </test> <!-- Test -->
  </suite> <!-- Suite -->
</testng-results>
